{"C:\\Users\\Joe Wahbeh\\Desktop\\memory-game\\src\\memory.js": {"path":"C:\\Users\\Joe Wahbeh\\Desktop\\memory-game\\src\\memory.js","statementMap":{"0":{"start":{"line":2,"column":2},"end":{"line":2,"column":29}},"1":{"start":{"line":3,"column":2},"end":{"line":3,"column":30}},"2":{"start":{"line":4,"column":2},"end":{"line":4,"column":22}},"3":{"start":{"line":10,"column":0},"end":{"line":17,"column":2}},"4":{"start":{"line":11,"column":12},"end":{"line":11,"column":14}},"5":{"start":{"line":12,"column":14},"end":{"line":12,"column":28}},"6":{"start":{"line":13,"column":2},"end":{"line":15,"column":3}},"7":{"start":{"line":13,"column":13},"end":{"line":13,"column":14}},"8":{"start":{"line":14,"column":4},"end":{"line":14,"column":28}},"9":{"start":{"line":16,"column":2},"end":{"line":16,"column":23}},"10":{"start":{"line":19,"column":0},"end":{"line":44,"column":2}},"11":{"start":{"line":20,"column":18},"end":{"line":20,"column":20}},"12":{"start":{"line":21,"column":17},"end":{"line":21,"column":19}},"13":{"start":{"line":22,"column":2},"end":{"line":22,"column":36}},"14":{"start":{"line":23,"column":22},"end":{"line":23,"column":26}},"15":{"start":{"line":24,"column":2},"end":{"line":24,"column":24}},"16":{"start":{"line":25,"column":2},"end":{"line":41,"column":3}},"17":{"start":{"line":26,"column":17},"end":{"line":26,"column":59}},"18":{"start":{"line":27,"column":20},"end":{"line":27,"column":22}},"19":{"start":{"line":28,"column":21},"end":{"line":28,"column":23}},"20":{"start":{"line":29,"column":4},"end":{"line":29,"column":38}},"21":{"start":{"line":30,"column":4},"end":{"line":30,"column":52}},"22":{"start":{"line":31,"column":22},"end":{"line":31,"column":39}},"23":{"start":{"line":32,"column":4},"end":{"line":32,"column":44}},"24":{"start":{"line":33,"column":4},"end":{"line":33,"column":23}},"25":{"start":{"line":34,"column":4},"end":{"line":34,"column":34}},"26":{"start":{"line":35,"column":4},"end":{"line":35,"column":30}},"27":{"start":{"line":37,"column":4},"end":{"line":37,"column":26}},"28":{"start":{"line":38,"column":4},"end":{"line":40,"column":5}},"29":{"start":{"line":39,"column":6},"end":{"line":39,"column":28}},"30":{"start":{"line":42,"column":2},"end":{"line":42,"column":25}},"31":{"start":{"line":43,"column":2},"end":{"line":43,"column":24}},"32":{"start":{"line":46,"column":0},"end":{"line":48,"column":2}},"33":{"start":{"line":47,"column":2},"end":{"line":47,"column":29}}},"fnMap":{"0":{"name":"Deck","decl":{"start":{"line":1,"column":24},"end":{"line":1,"column":28}},"loc":{"start":{"line":1,"column":39},"end":{"line":6,"column":1}},"line":1},"1":{"name":"(anonymous_1)","decl":{"start":{"line":10,"column":27},"end":{"line":10,"column":28}},"loc":{"start":{"line":10,"column":37},"end":{"line":17,"column":1}},"line":10},"2":{"name":"(anonymous_2)","decl":{"start":{"line":19,"column":32},"end":{"line":19,"column":33}},"loc":{"start":{"line":19,"column":42},"end":{"line":44,"column":1}},"line":19},"3":{"name":"(anonymous_3)","decl":{"start":{"line":46,"column":26},"end":{"line":46,"column":27}},"loc":{"start":{"line":46,"column":39},"end":{"line":48,"column":1}},"line":46}},"branchMap":{"0":{"loc":{"start":{"line":38,"column":4},"end":{"line":40,"column":5}},"type":"if","locations":[{"start":{"line":38,"column":4},"end":{"line":40,"column":5}},{"start":{"line":38,"column":4},"end":{"line":40,"column":5}}],"line":38}},"s":{"0":1,"1":1,"2":1,"3":1,"4":1,"5":1,"6":1,"7":1,"8":6,"9":1,"10":1,"11":0,"12":0,"13":0,"14":0,"15":0,"16":0,"17":0,"18":0,"19":0,"20":0,"21":0,"22":0,"23":0,"24":0,"25":0,"26":0,"27":0,"28":0,"29":0,"30":0,"31":0,"32":1,"33":1},"f":{"0":1,"1":1,"2":0,"3":1},"b":{"0":[0,0]},"_coverageSchema":"43e27e138ebf9cfc5966b082cf9a028302ed4184","hash":"58e21b613f7eff951d7fc0b46d000dd4e75cd5a7"}
}
