TN:
SF:C:\Users\Joe Wahbeh\Desktop\memory-game\src\memory.js
FN:1,Deck
FN:10,(anonymous_1)
FN:19,(anonymous_2)
FN:46,(anonymous_3)
FNF:4
FNH:3
FNDA:1,Deck
FNDA:1,(anonymous_1)
FNDA:0,(anonymous_2)
FNDA:1,(anonymous_3)
DA:2,1
DA:3,1
DA:4,1
DA:10,1
DA:11,1
DA:12,1
DA:13,1
DA:14,6
DA:16,1
DA:19,1
DA:20,0
DA:21,0
DA:22,0
DA:23,0
DA:24,0
DA:25,0
DA:26,0
DA:27,0
DA:28,0
DA:29,0
DA:30,0
DA:31,0
DA:32,0
DA:33,0
DA:34,0
DA:35,0
DA:37,0
DA:38,0
DA:39,0
DA:42,0
DA:43,0
DA:46,1
DA:47,1
LF:33
LH:12
BRDA:38,0,0,0
BRDA:38,0,1,0
BRF:2
BRH:0
end_of_record
